version https://git-lfs.github.com/spec/v1
oid sha256:b65079e440bdfc1b4fbaee9a79af53089dcb338a3143f84ead0c2d3e778cbad9
size 464
