version https://git-lfs.github.com/spec/v1
oid sha256:8fd2fb9d3ef421e7621861c07978ccd1235348400ed2e579dcbc163b25f4ade6
size 2705
