version https://git-lfs.github.com/spec/v1
oid sha256:539d8f413f744701dfb02177f85691c4e275b140e446b9860e7c97ca69d3d4bd
size 464
